103725 close(3)                         = 0
103725 read(3, "\177ELF\2\1\1\3\0\0\0\0\0\0\0\0\3\0>\0\1\0\0\0\0\0\0\0\0\0\0\0"..., 832) = 832
103725 close(3)                         = 0
103725 read(3, "\177ELF\2\1\1\0\0\0\0\0\0\0\0\0\3\0>\0\1\0\0\0\0\0\0\0\0\0\0\0"..., 832) = 832
103725 close(3)                         = 0
103725 read(3, "\177ELF\2\1\1\0\0\0\0\0\0\0\0\0\3\0>\0\1\0\0\0\0\0\0\0\0\0\0\0"..., 832) = 832
103725 close(3)                         = 0
103725 read(3, "\177ELF\2\1\1\3\0\0\0\0\0\0\0\0\3\0>\0\1\0\0\0\220\243\2\0\0\0\0\0"..., 832) = 832
103725 close(3)                         = 0
103725 close(3)                         = 0
103725 close(3)                         = 0
103725 read(3, "home = /usr/bin\ninclude-system-s"..., 32768) = 185
103725 read(3, "", 28672)               = 0
103725 close(3)                         = 0
103725 read(3, "TZif2\0\0\0\0\0\0\0\0\0\0\0\0\0\0\0\0\0\0\6\0\0\0\6\0\0\0\0"..., 4096) = 3552
103725 read(3, "TZif2\0\0\0\0\0\0\0\0\0\0\0\0\0\0\0\0\0\0\6\0\0\0\6\0\0\0\0"..., 4096) = 2260
103725 close(3)                         = 0
103725 close(3)                         = 0
103725 read(3, "\313\r\r\n\0\0\0\0j\225_i\374\26\0\0\343\0\0\0\0\0\0\0\0\0\0\0\0\6\0\0"..., 5791) = 5790
103725 read(3, "", 1)                   = 0
103725 close(3)                         = 0
103725 close(3)                         = 0
103725 read(3, "\313\r\r\n\0\0\0\0j\225_i==\0\0\343\0\0\0\0\0\0\0\0\0\0\0\0\5\0\0"..., 12409) = 12408
103725 read(3, "", 1)                   = 0
103725 close(3)                         = 0
103725 read(3, "\313\r\r\n\0\0\0\0j\225_i\355\3\0\0\343\0\0\0\0\0\0\0\0\0\0\0\0\5\0\0"..., 2148) = 2147
103725 read(3, "", 1)                   = 0
103725 close(3)                         = 0
103725 read(3, "home = /usr/bin\ninclude-system-s"..., 8192) = 185
103725 read(3, "", 8192)                = 0
103725 close(3)                         = 0
103725 close(3)                         = 0
103725 close(3)                         = 0
103725 read(3, "\313\r\r\n\0\0\0\0\273$\26f\233\0\0\0\343\0\0\0\0\0\0\0\0\0\0\0\0\4\0\0"..., 301) = 300
103725 read(3, "", 1)                   = 0
103725 close(3)                         = 0
103725 close(3)                         = 0
103725 close(3)                         = 0
103725 close(3)                         = 0
103725 read(3, "\313\r\r\n\0\0\0\0j\225_i\246\22\0\0\343\0\0\0\0\0\0\0\0\0\0\0\0\5\0\0"..., 4566) = 4565
103725 read(3, "", 1)                   = 0
103725 close(3)                         = 0
103725 read(3, "\313\r\r\n\0\0\0\0j\225_i\0U\0\0\343\0\0\0\0\0\0\0\0\0\0\0\0\6\0\0"..., 23793) = 23792
103725 read(3, "", 1)                   = 0
103725 close(3)                         = 0
103725 close(3)                         = 0
103725 read(3, "\313\r\r\n\0\0\0\0j\225_iJ\5\0\0\343\0\0\0\0\0\0\0\0\0\0\0\0\5\0\0"..., 1644) = 1643
103725 read(3, "", 1)                   = 0
103725 close(3)                         = 0
103725 read(3, "\313\r\r\n\0\0\0\0j\225_i\333\352\0\0\343\0\0\0\0\0\0\0\0\0\0\0\0\5\0\0"..., 65347) = 65346
103725 read(3, "", 1)                   = 0
103725 close(3)                         = 0
103725 read(3, "\313\r\r\n\0\0\0\0j\225_i\356\224\0\0\343\0\0\0\0\0\0\0\0\0\0\0\0\7\0\0"..., 40507) = 40506
103725 read(3, "", 1)                   = 0
103725 close(3)                         = 0
103725 read(3, "\313\r\r\n\0\0\0\0j\225_i\232\314\0\0\343\0\0\0\0\0\0\0\0\0\0\0\0\5\0\0"..., 73090) = 73089
103725 read(3, "", 1)                   = 0
103725 close(3)                         = 0
103725 read(3, "\313\r\r\n\0\0\0\0j\225_i1\4\0\0\343\0\0\0\0\0\0\0\0\0\0\0\0\3\0\0"..., 1042) = 1041
103725 read(3, "", 1)                   = 0
103725 close(3)                         = 0
103725 read(3, "\313\r\r\n\0\0\0\0j\225_i\325*\0\0\343\0\0\0\0\0\0\0\0\0\0\0\0\4\0\0"..., 17365) = 17364
103725 read(3, "", 1)                   = 0
103725 close(3)                         = 0
103725 read(3, "\313\r\r\n\0\0\0\0j\225_i\251\31\0\0\343\0\0\0\0\0\0\0\0\0\0\0\0\4\0\0"..., 9910) = 9909
103725 read(3, "", 1)                   = 0
103725 close(3)                         = 0
103725 read(3, "\313\r\r\n\0\0\0\0j\225_i\361*\0\0\343\0\0\0\0\0\0\0\0\0\0\0\0\6\0\0"..., 14940) = 14939
103725 read(3, "", 1)                   = 0
103725 close(3)                         = 0
103725 read(3, "\313\r\r\n\0\0\0\0j\225_i\5\27\0\0\343\0\0\0\0\0\0\0\0\0\0\0\0\4\0\0"..., 11752) = 11751
103725 read(3, "", 1)                   = 0
103725 close(3)                         = 0
103725 read(3, "\313\r\r\n\0\0\0\0j\225_i\237\r\0\0\343\0\0\0\0\0\0\0\0\0\0\0\0\4\0\0"..., 3433) = 3432
103725 read(3, "", 1)                   = 0
103725 close(3)                         = 0
103725 close(3)                         = 0
103725 read(3, "\313\r\r\n\0\0\0\0j\225_i\252#\0\0\343\0\0\0\0\0\0\0\0\0\0\0\0\5\0\0"..., 12744) = 12743
103725 read(3, "", 1)                   = 0
103725 close(3)                         = 0
103725 read(3, "\313\r\r\n\0\0\0\0j\225_i\365\264\0\0\343\0\0\0\0\0\0\0\0\0\0\0\0\6\0\0"..., 51524) = 51523
103725 read(3, "", 1)                   = 0
103725 close(3)                         = 0
103725 close(3)                         = 0
103725 read(3, "\313\r\r\n\0\0\0\0j\225_iw\0\0\0\343\0\0\0\0\0\0\0\0\0\0\0\0\2\0\0"..., 250) = 249
103725 read(3, "", 1)                   = 0
103725 close(3)                         = 0
103725 read(3, "\313\r\r\n\0\0\0\0j\225_i\21\26\0\0\343\0\0\0\0\0\0\0\0\0\0\0\0\2\0\0"..., 6402) = 6401
103725 read(3, "", 1)                   = 0
103725 close(3)                         = 0
103725 read(3, "\313\r\r\n\0\0\0\0j\225_i\336R\0\0\343\0\0\0\0\0\0\0\0\0\0\0\0\t\0\0"..., 24776) = 24775
103725 read(3, "", 1)                   = 0
103725 close(3)                         = 0
103725 read(3, "\313\r\r\n\0\0\0\0j\225_i\273?\0\0\343\0\0\0\0\0\0\0\0\0\0\0\0\10\0\0"..., 17939) = 17938
103725 read(3, "", 1)                   = 0
103725 close(3)                         = 0
103725 read(3, "\313\r\r\n\0\0\0\0j\225_i\344>\1\0\343\0\0\0\0\0\0\0\0\0\0\0\0\10\0\0"..., 80709) = 80708
103725 read(3, "", 1)                   = 0
103725 close(3)                         = 0
103725 close(3)                         = 0
103725 read(3, "\313\r\r\n\0\0\0\0j\225_i\351e\0\0\343\0\0\0\0\0\0\0\0\0\0\0\0\10\0\0"..., 26517) = 26516
103725 read(3, "", 1)                   = 0
103725 close(3)                         = 0
103725 read(3, "\313\r\r\n\0\0\0\0j\225_i\361\240\0\0\343\0\0\0\0\0\0\0\0\0\0\0\0\v\0\0"..., 42008) = 42007
103725 read(3, "", 1)                   = 0
103725 close(3)                         = 0
103725 read(3, "\313\r\r\n\0\0\0\0j\225_i*\27\0\0\343\0\0\0\0\0\0\0\0\0\0\0\0\24\0\0"..., 5297) = 5296
103725 read(3, "", 1)                   = 0
103725 close(3)                         = 0
103725 read(3, "\313\r\r\n\0\0\0\0j\225_iF\25\0\0\343\0\0\0\0\0\0\0\0\0\0\0\0\4\0\0"..., 1817) = 1816
103725 read(3, "", 1)                   = 0
103725 close(3)                         = 0
103725 read(3, "\313\r\r\n\0\0\0\0j\225_i\276\35\0\0\343\0\0\0\0\0\0\0\0\0\0\0\0\6\0\0"..., 7415) = 7414
103725 read(3, "", 1)                   = 0
103725 close(3)                         = 0
103725 read(3, "\313\r\r\n\0\0\0\0j\225_i\257\t\0\0\343\0\0\0\0\0\0\0\0\0\0\0\0\20\0\0"..., 3558) = 3557
103725 read(3, "", 1)                   = 0
103725 close(3)                         = 0
103725 read(3, "\313\r\r\n\0\0\0\0j\225_i\6M\0\0\343\0\0\0\0\0\0\0\0\0\0\0\0\5\0\0"..., 18294) = 18293
103725 read(3, "", 1)                   = 0
103725 close(3)                         = 0
103725 read(3, "\313\r\r\n\0\0\0\0j\225_i\365k\0\0\343\0\0\0\0\0\0\0\0\0\0\0\0\7\0\0"..., 30377) = 30376
103725 read(3, "", 1)                   = 0
103725 close(3)                         = 0
103725 read(3, "\313\r\r\n\0\0\0\0j\225_i_\24\0\0\343\0\0\0\0\0\0\0\0\0\0\0\0\4\0\0"..., 7292) = 7291
103725 read(3, "", 1)                   = 0
103725 close(3)                         = 0
103725 read(3, "\313\r\r\n\0\0\0\0j\225_i\273\340\0\0\343\0\0\0\0\0\0\0\0\0\0\0\0\5\0\0"..., 69829) = 69828
103725 read(3, "", 1)                   = 0
103725 close(3)                         = 0
103725 read(3, "\313\r\r\n\0\0\0\0j\225_ilE\1\0\343\0\0\0\0\0\0\0\0\0\0\0\0\5\0\0"..., 75500) = 75499
103725 read(3, "", 1)                   = 0
103725 close(3)                         = 0
103725 read(3, "\313\r\r\n\0\0\0\0j\225_i\360Y\0\0\343\0\0\0\0\0\0\0\0\0\0\0\0\4\0\0"..., 17957) = 17956
103725 read(3, "", 1)                   = 0
103725 close(3)                         = 0
103725 read(3, "\313\r\r\n\0\0\0\0j\225_i^^\0\0\343\0\0\0\0\0\0\0\0\0\0\0\0\v\0\0"..., 29475) = 29474
103725 read(3, "", 1)                   = 0
103725 close(3)                         = 0
103725 read(3, "\313\r\r\n\0\0\0\0j\225_i9\361\0\0\343\0\0\0\0\0\0\0\0\0\0\0\0\21\0\0"..., 44679) = 44678
103725 read(3, "", 1)                   = 0
103725 close(3)                         = 0
103725 read(3, "\313\r\r\n\0\0\0\0j\225_i\334 \0\0\343\0\0\0\0\0\0\0\0\0\0\0\0\23\0\0"..., 9801) = 9800
103725 read(3, "", 1)                   = 0
103725 close(3)                         = 0
103725 read(3, "\313\r\r\n\0\0\0\0j\225_i\tT\0\0\343\0\0\0\0\0\0\0\0\0\0\0\0\5\0\0"..., 31349) = 31348
103725 read(3, "", 1)                   = 0
103725 close(3)                         = 0
103725 read(3, "\313\r\r\n\0\0\0\0j\225_i\354\351\1\0\343\0\0\0\0\0\0\0\0\0\0\0\0\6\0\0"..., 133447) = 133446
103725 read(3, "", 1)                   = 0
103725 close(3)                         = 0
103725 read(3, "\313\r\r\n\0\0\0\0j\225_i\4\373\0\0\343\0\0\0\0\0\0\0\0\0\0\0\0\21\0\0"..., 100280) = 100279
103725 read(3, "", 1)                   = 0
103725 close(3)                         = 0
103725 read(3, "\313\r\r\n\0\0\0\0j\225_i\1v\0\0\343\0\0\0\0\0\0\0\0\0\0\0\0\v\0\0"..., 34561) = 34560
103725 read(3, "", 1)                   = 0
103725 close(3)                         = 0
103725 read(3, "\313\r\r\n\0\0\0\0j\225_iv3\0\0\343\0\0\0\0\0\0\0\0\0\0\0\0\20\0\0"..., 14717) = 14716
103725 read(3, "", 1)                   = 0
103725 close(3)                         = 0
103725 read(3, "\313\r\r\n\0\0\0\0j\225_i\3104\0\0\343\0\0\0\0\0\0\0\0\0\0\0\0\5\0\0"..., 15463) = 15462
103725 read(3, "", 1)                   = 0
103725 close(3)                         = 0
103725 read(3, "\313\r\r\n\0\0\0\0j\225_i\22R\0\0\343\0\0\0\0\0\0\0\0\0\0\0\0\5\0\0"..., 23946) = 23945
103725 read(3, "", 1)                   = 0
103725 close(3)                         = 0
103725 read(3, "\313\r\r\n\0\0\0\0j\225_io\27\0\0\343\0\0\0\0\0\0\0\0\0\0\0\0\4\0\0"..., 6496) = 6495
103725 read(3, "", 1)                   = 0
103725 close(3)                         = 0
103725 read(3, "\313\r\r\n\0\0\0\0j\225_i\327.\0\0\343\0\0\0\0\0\0\0\0\0\0\0\0\5\0\0"..., 13566) = 13565
103725 read(3, "", 1)                   = 0
103725 close(3)                         = 0
103725 read(3, "\313\r\r\n\0\0\0\0j\225_iv\215\1\0\343\0\0\0\0\0\0\0\0\0\0\0\0\6\0\0"..., 101683) = 101682
103725 read(3, "", 1)                   = 0
103725 close(3)                         = 0
103725 read(3, "\313\r\r\n\0\0\0\0j\225_i\363T\0\0\343\0\0\0\0\0\0\0\0\0\0\0\0\10\0\0"..., 22152) = 22151
103725 read(3, "", 1)                   = 0
103725 close(3)                         = 0
103725 read(3, "\313\r\r\n\0\0\0\0j\225_i\200(\0\0\343\0\0\0\0\0\0\0\0\0\0\0\0\5\0\0"..., 16488) = 16487
103725 read(3, "", 1)                   = 0
103725 close(3)                         = 0
103725 read(3, "\313\r\r\n\0\0\0\0j\225_ic\t\0\0\343\0\0\0\0\0\0\0\0\0\0\0\0\5\0\0"..., 3614) = 3613
103725 read(3, "", 1)                   = 0
103725 close(3)                         = 0
103725 read(3, "\313\r\r\n\0\0\0\0j\225_i\277\t\0\0\343\0\0\0\0\0\0\0\0\0\0\0\0\5\0\0"..., 4449) = 4448
103725 read(3, "", 1)                   = 0
103725 close(3)                         = 0
103725 read(3, "\313\r\r\n\0\0\0\0j\225_i\330\1\0\0\343\0\0\0\0\0\0\0\0\0\0\0\0\3\0\0"..., 617) = 616
103725 read(3, "", 1)                   = 0
103725 close(3)                         = 0
103725 read(3, "\313\r\r\n\0\0\0\0j\225_i\3422\1\0\343\0\0\0\0\0\0\0\0\0\0\0\0\f\0\0"..., 59537) = 59536
103725 read(3, "", 1)                   = 0
103725 close(3)                         = 0
103725 read(3, "\313\r\r\n\0\0\0\0j\225_i\10\343\0\0\343\0\0\0\0\0\0\0\0\0\0\0\0\5\0\0"..., 68114) = 68113
103725 read(3, "", 1)                   = 0
103725 close(3)                         = 0
103725 read(3, "\313\r\r\n\0\0\0\0j\225_iG.\0\0\343\0\0\0\0\0\0\0\0\0\0\0\0\5\0\0"..., 15134) = 15133
103725 read(3, "", 1)                   = 0
103725 close(3)                         = 0
103725 read(3, "\313\r\r\n\0\0\0\0j\225_i1\26\0\0\343\0\0\0\0\0\0\0\0\0\0\0\0\5\0\0"..., 7498) = 7497
103725 read(3, "", 1)                   = 0
103725 close(3)                         = 0
103725 read(3, "\177ELF\2\1\1\0\0\0\0\0\0\0\0\0\3\0>\0\1\0\0\0\0\0\0\0\0\0\0\0"..., 832) = 832
103725 close(3)                         = 0
103725 close(3)                         = 0
103725 read(3, "\177ELF\2\1\1\0\0\0\0\0\0\0\0\0\3\0>\0\1\0\0\0\0\0\0\0\0\0\0\0"..., 832) = 832
103725 close(3)                         = 0
103725 read(3, "\313\r\r\n\0\0\0\0j\225_i\3353\0\0\343\0\0\0\0\0\0\0\0\0\0\0\0\t\0\0"..., 15856) = 15855
103725 read(3, "", 1)                   = 0
103725 close(3)                         = 0
103725 read(3, "\177ELF\2\1\1\0\0\0\0\0\0\0\0\0\3\0>\0\1\0\0\0\0\0\0\0\0\0\0\0"..., 832) = 832
103725 close(3)                         = 0
103725 close(3)                         = 0
103725 read(3, "\177ELF\2\1\1\0\0\0\0\0\0\0\0\0\3\0>\0\1\0\0\0\0\0\0\0\0\0\0\0"..., 832) = 832
103725 close(3)                         = 0
103725 read(3, "\313\r\r\n\0\0\0\0\34\nui\357\235\0\0\343\0\0\0\0\0\0\0\0\0\0\0\0\5\0\0"..., 63940) = 63939
103725 read(3, "", 1)                   = 0
103725 close(3)                         = 0
103725 read(3, "\313\r\r\n\0\0\0\0\22\362ti\236\0\0\0\343\0\0\0\0\0\0\0\0\0\0\0\0\n\0\0"..., 569) = 568
103725 read(3, "", 1)                   = 0
103725 close(3)                         = 0
103725 close(3)                         = 0
103725 read(3, "\313\r\r\n\0\0\0\0\22\362ti\352\2\0\0\343\0\0\0\0\0\0\0\0\0\0\0\0\2\0\0"..., 1187) = 1186
103725 read(3, "", 1)                   = 0
103725 close(3)                         = 0
103725 close(3)                         = 0
103725 read(3, "\313\r\r\n\0\0\0\0\22\362tiDk\0\0\343\0\0\0\0\0\0\0\0\0\0\0\0\4\0\0"..., 34200) = 34199
103725 read(3, "", 1)                   = 0
103725 close(3)                         = 0
103725 read(3, "\313\r\r\n\0\0\0\0\22\362tiwo\0\0\343\0\0\0\0\0\0\0\0\0\0\0\0\10\0\0"..., 38962) = 38961
103725 read(3, "", 1)                   = 0
103725 close(3)                         = 0
103725 read(3, "\313\r\r\n\0\0\0\0j\225_ib\24\0\0\343\0\0\0\0\0\0\0\0\0\0\0\0\5\0\0"..., 4705) = 4704
103725 read(3, "", 1)                   = 0
103725 close(3)                         = 0
103725 read(3, "\313\r\r\n\0\0\0\0j\225_i\264\312\1\0\343\0\0\0\0\0\0\0\0\0\0\0\0\17\0\0"..., 141861) = 141860
103725 read(3, "", 1)                   = 0
103725 close(3)                         = 0
103725 read(3, "\313\r\r\n\0\0\0\0j\225_i\304\4\0\0\343\0\0\0\0\0\0\0\0\0\0\0\0\2\0\0"..., 1458) = 1457
103725 read(3, "", 1)                   = 0
103725 close(3)                         = 0
103725 close(3)                         = 0
103725 read(3, "\313\r\r\n\0\0\0\0j\225_i\2230\1\0\343\0\0\0\0\0\0\0\0\0\0\0\0\5\0\0"..., 86611) = 86610
103725 read(3, "", 1)                   = 0
103725 close(3)                         = 0
103725 read(3, "\313\r\r\n\0\0\0\0j\225_i&\0\0\0\343\0\0\0\0\0\0\0\0\0\0\0\0\0\0\0"..., 140) = 139
103725 read(3, "", 1)                   = 0
103725 close(3)                         = 0
103725 close(3)                         = 0
103725 read(3, "\313\r\r\n\0\0\0\0j\225_i\26\6\0\0\343\0\0\0\0\0\0\0\0\0\0\0\0\2\0\0"..., 1251) = 1250
103725 read(3, "", 1)                   = 0
103725 close(3)                         = 0
103725 close(3)                         = 0
103725 read(3, "\313\r\r\n\0\0\0\0j\225_i1Y\0\0\343\0\0\0\0\0\0\0\0\0\0\0\0\n\0\0"..., 32189) = 32188
103725 read(3, "", 1)                   = 0
103725 close(3)                         = 0
103725 read(3, "\313\r\r\n\0\0\0\0j\225_i\355E\1\0\343\0\0\0\0\0\0\0\0\0\0\0\0\f\0\0"..., 95464) = 95463
103725 read(3, "", 1)                   = 0
103725 close(3)                         = 0
103725 read(3, "\313\r\r\n\0\0\0\0j\225_i\n.\0\0\343\0\0\0\0\0\0\0\0\0\0\0\0\4\0\0"..., 11483) = 11482
103725 read(3, "", 1)                   = 0
103725 close(3)                         = 0
103725 read(3, "\313\r\r\n\0\0\0\0j\225_i#\222\0\0\343\0\0\0\0\0\0\0\0\0\0\0\0\5\0\0"..., 41818) = 41817
103725 read(3, "", 1)                   = 0
103725 close(3)                         = 0
103725 read(3, "\313\r\r\n\0\0\0\0j\225_i\327L\0\0\343\0\0\0\0\0\0\0\0\0\0\0\0\5\0\0"..., 26129) = 26128
103725 read(3, "", 1)                   = 0
103725 close(3)                         = 0
103725 close(3)                         = 0
103725 read(3, "\313\r\r\n\0\0\0\0j\225_i\225Z\1\0\343\0\0\0\0\0\0\0\0\0\0\0\0\5\0\0"..., 79188) = 79187
103725 read(3, "", 1)                   = 0
103725 close(3)                         = 0
103725 read(3, "\313\r\r\n\0\0\0\0j\225_i\206\306\0\0\343\0\0\0\0\0\0\0\0\0\0\0\0\n\0\0"..., 63012) = 63011
103725 read(3, "", 1)                   = 0
103725 close(3)                         = 0
103725 read(3, "\177ELF\2\1\1\0\0\0\0\0\0\0\0\0\3\0>\0\1\0\0\0\0\0\0\0\0\0\0\0"..., 832) = 832
103725 close(3)                         = 0
103725 close(3)                         = 0
103725 read(3, "\177ELF\2\1\1\0\0\0\0\0\0\0\0\0\3\0>\0\1\0\0\0\0\0\0\0\0\0\0\0"..., 832) = 832
103725 close(3)                         = 0
103725 read(3, "\177ELF\2\1\1\0\0\0\0\0\0\0\0\0\3\0>\0\1\0\0\0\0\0\0\0\0\0\0\0"..., 832) = 832
103725 close(3)                         = 0
103725 read(3, "\313\r\r\n\0\0\0\0j\225_izP\0\0\343\0\0\0\0\0\0\0\0\0\0\0\0\5\0\0"..., 24409) = 24408
103725 read(3, "", 1)                   = 0
103725 close(3)                         = 0
103725 read(3, "\313\r\r\n\0\0\0\0j\225_i\1\1\0\0\343\0\0\0\0\0\0\0\0\0\0\0\0\2\0\0"..., 326) = 325
103725 read(3, "", 1)                   = 0
103725 close(3)                         = 0
103725 read(3, "#\n# OpenSSL example configuratio"..., 4096) = 4096
103725 read(3, "d attributes must be the same, a"..., 4096) = 4096
103725 read(3, "coding of an extension: beware e"..., 4096) = 4096
103725 read(3, " = $insta::certout # insta.cert."..., 4096) = 36
103725 read(3, "", 4096)                = 0
103725 close(3)                         = 0
103725 read(3, "\313\r\r\n\0\0\0\0j\225_i\205\5\0\0\343\0\0\0\0\0\0\0\0\0\0\0\0\5\0\0"..., 956) = 955
103725 read(3, "", 1)                   = 0
103725 close(3)                         = 0
103725 read(3, "\313\r\r\n\0\0\0\0j\225_i\16\r\0\0\343\0\0\0\0\0\0\0\0\0\0\0\0\2\0\0"..., 3770) = 3769
103725 read(3, "", 1)                   = 0
103725 close(3)                         = 0
103725 read(3, "\313\r\r\n\0\0\0\0j\225_i\233r\0\0\343\0\0\0\0\0\0\0\0\0\0\0\0\5\0\0"..., 36754) = 36753
103725 read(3, "", 1)                   = 0
103725 close(3)                         = 0
103725 read(3, "\313\r\r\n\0\0\0\0j\225_i\201\0\0\0\343\0\0\0\0\0\0\0\0\0\0\0\0\2\0\0"..., 262) = 261
103725 read(3, "", 1)                   = 0
103725 close(3)                         = 0
103725 read(3, "\177ELF\2\1\1\0\0\0\0\0\0\0\0\0\3\0>\0\1\0\0\0\0\0\0\0\0\0\0\0"..., 832) = 832
103725 close(3)                         = 0
103725 read(3, "\313\r\r\n\0\0\0\0j\225_id\t\0\0\343\0\0\0\0\0\0\0\0\0\0\0\0\2\0\0"..., 3866) = 3865
103725 read(3, "", 1)                   = 0
103725 close(3)                         = 0
103725 read(3, "\177ELF\2\1\1\0\0\0\0\0\0\0\0\0\3\0>\0\1\0\0\0\0\0\0\0\0\0\0\0"..., 832) = 832
103725 close(3)                         = 0
103725 read(3, "\313\r\r\n\0\0\0\0j\225_i\266\7\0\0\343\0\0\0\0\0\0\0\0\0\0\0\0\2\0\0"..., 3087) = 3086
103725 read(3, "", 1)                   = 0
103725 close(3)                         = 0
103725 read(3, "\313\r\r\n\0\0\0\0j\225_i\330\6\0\0\343\0\0\0\0\0\0\0\0\0\0\0\0\5\0\0"..., 3082) = 3081
103725 read(3, "", 1)                   = 0
103725 close(3)                         = 0
103725 read(3, "\313\r\r\n\0\0\0\0j\225_ip\n\0\0\343\0\0\0\0\0\0\0\0\0\0\0\0\2\0\0"..., 4088) = 4087
103725 read(3, "", 1)                   = 0
103725 close(3)                         = 0
103725 read(3, "\313\r\r\n\0\0\0\0j\225_i\2027\0\0\343\0\0\0\0\0\0\0\0\0\0\0\0\4\0\0"..., 17257) = 17256
103725 read(3, "", 1)                   = 0
103725 close(3)                         = 0
103725 read(3, "\313\r\r\n\0\0\0\0j\225_i-\33\0\0\343\0\0\0\0\0\0\0\0\0\0\0\0\5\0\0"..., 8783) = 8782
103725 read(3, "", 1)                   = 0
103725 close(3)                         = 0
103725 read(3, "\313\r\r\n\0\0\0\0j\225_i\373{\0\0\343\0\0\0\0\0\0\0\0\0\0\0\0\6\0\0"..., 41548) = 41547
103725 read(3, "", 1)                   = 0
103725 close(3)                         = 0
103725 read(3, "\313\r\r\n\0\0\0\0j\225_i\342)\0\0\343\0\0\0\0\0\0\0\0\0\0\0\0\6\0\0"..., 14005) = 14004
103725 read(3, "", 1)                   = 0
103725 close(3)                         = 0
103725 read(3, "\313\r\r\n\0\0\0\0j\225_i|\0\0\0\343\0\0\0\0\0\0\0\0\0\0\0\0\3\0\0"..., 282) = 281
103725 read(3, "", 1)                   = 0
103725 close(3)                         = 0
103725 read(3, "\313\r\r\n\0\0\0\0j\225_ih\27\0\0\343\0\0\0\0\0\0\0\0\0\0\0\0\16\0\0"..., 6241) = 6240
103725 read(3, "", 1)                   = 0
103725 close(3)                         = 0
103725 read(3, "\313\r\r\n\0\0\0\0j\225_i2J\0\0\343\0\0\0\0\0\0\0\0\0\0\0\0\6\0\0"..., 27503) = 27502
103725 read(3, "", 1)                   = 0
103725 close(3)                         = 0
103725 read(3, "\313\r\r\n\0\0\0\0j\225_i\341\1\0\0\343\0\0\0\0\0\0\0\0\0\0\0\0\4\0\0"..., 1037) = 1036
103725 read(3, "", 1)                   = 0
103725 close(3)                         = 0
103725 read(3, "\313\r\r\n\0\0\0\0j\225_i\362\221\0\0\343\0\0\0\0\0\0\0\0\0\0\0\0\5\0\0"..., 40372) = 40371
103725 read(3, "", 1)                   = 0
103725 close(3)                         = 0
103725 read(3, "\313\r\r\n\0\0\0\0j\225_i\311\24\0\0\343\0\0\0\0\0\0\0\0\0\0\0\0\5\0\0"..., 7798) = 7797
103725 read(3, "", 1)                   = 0
103725 close(3)                         = 0
103725 read(3, "\313\r\r\n\0\0\0\0j\225_i\253\t\0\0\343\0\0\0\0\0\0\0\0\0\0\0\0\4\0\0"..., 5080) = 5079
103725 read(3, "", 1)                   = 0
103725 close(3)                         = 0
103725 read(3, "\313\r\r\n\0\0\0\0j\225_i\367\33\0\0\343\0\0\0\0\0\0\0\0\0\0\0\0\5\0\0"..., 9937) = 9936
103725 read(3, "", 1)                   = 0
103725 close(3)                         = 0
103725 read(3, "\313\r\r\n\0\0\0\0j\225_i&\37\0\0\343\0\0\0\0\0\0\0\0\0\0\0\0\5\0\0"..., 11942) = 11941
103725 read(3, "", 1)                   = 0
103725 close(3)                         = 0
103725 read(3, "\313\r\r\n\0\0\0\0j\225_i\343k\0\0\343\0\0\0\0\0\0\0\0\0\0\0\0\6\0\0"..., 33381) = 33380
103725 read(3, "", 1)                   = 0
103725 close(3)                         = 0
103725 read(3, "\313\r\r\n\0\0\0\0j\225_i9\36\0\0\343\0\0\0\0\0\0\0\0\0\0\0\0\6\0\0"..., 12097) = 12096
103725 read(3, "", 1)                   = 0
103725 close(3)                         = 0
103725 read(3, "\313\r\r\n\0\0\0\0j\225_i+\"\0\0\343\0\0\0\0\0\0\0\0\0\0\0\0\4\0\0"..., 7928) = 7927
103725 read(3, "", 1)                   = 0
103725 close(3)                         = 0
103725 read(3, "\313\r\r\n\0\0\0\0j\225_i\26\3\0\0\343\0\0\0\0\0\0\0\0\0\0\0\0\2\0\0"..., 1259) = 1258
103725 read(3, "", 1)                   = 0
103725 close(3)                         = 0
103725 read(3, "\313\r\r\n\0\0\0\0j\225_i\204\317\0\0\343\0\0\0\0\0\0\0\0\0\0\0\0\6\0\0"..., 67815) = 67814
103725 read(3, "", 1)                   = 0
103725 close(3)                         = 0
103725 read(3, "\313\r\r\n\0\0\0\0j\225_i\245\"\0\0\343\0\0\0\0\0\0\0\0\0\0\0\0\6\0\0"..., 16103) = 16102
103725 read(3, "", 1)                   = 0
103725 close(3)                         = 0
103725 read(3, "\313\r\r\n\0\0\0\0j\225_i\232\274\0\0\343\0\0\0\0\0\0\0\0\0\0\0\0\6\0\0"..., 63125) = 63124
103725 read(3, "", 1)                   = 0
103725 close(3)                         = 0
103725 read(3, "\313\r\r\n\0\0\0\0\252\24uip\1\0\0\343\0\0\0\0\0\0\0\0\0\0\0\0\2\0\0"..., 653) = 652
103725 read(3, "", 1)                   = 0
103725 close(3)                         = 0
103725 close(3)                         = 0
103725 read(3, "\313\r\r\n\0\0\0\0\252\24ui\323\1\0\0\343\0\0\0\0\0\0\0\0\0\0\0\0\6\0\0"..., 926) = 925
103725 read(3, "", 1)                   = 0
103725 close(3)                         = 0
103725 read(3, "\313\r\r\n\0\0\0\0\252\24ui\300\1\0\0\343\0\0\0\0\0\0\0\0\0\0\0\0\6\0\0"..., 1017) = 1016
103725 read(3, "", 1)                   = 0
103725 close(3)                         = 0
103725 read(3, "\313\r\r\n\0\0\0\0\252\24ui$,\0\0\343\0\0\0\0\0\0\0\0\0\0\0\0\5\0\0"..., 16089) = 16088
103725 read(3, "", 1)                   = 0
103725 close(3)                         = 0
103725 read(3, "\313\r\r\n\0\0\0\0j\225_i@\1\0\0\343\0\0\0\0\0\0\0\0\0\0\0\0\4\0\0"..., 407) = 406
103725 read(3, "", 1)                   = 0
103725 close(3)                         = 0
103725 read(3, "\177ELF\2\1\1\0\0\0\0\0\0\0\0\0\3\0>\0\1\0\0\0\0\0\0\0\0\0\0\0"..., 832) = 832
103725 close(3)                         = 0
103725 read(3, "\313\r\r\n\0\0\0\0j\225_i\313,\0\0\343\0\0\0\0\0\0\0\0\0\0\0\0\5\0\0"..., 13968) = 13967
103725 read(3, "", 1)                   = 0
103725 close(3)                         = 0
103725 read(3, "\313\r\r\n\0\0\0\0\22\362ti\271\221\0\0\343\0\0\0\0\0\0\0\0\0\0\0\0\4\0\0"..., 42903) = 42902
103725 read(3, "", 1)                   = 0
103725 close(3)                         = 0
103725 read(3, "\313\r\r\n\0\0\0\0\22\362ti\314\233\0\0\343\0\0\0\0\0\0\0\0\0\0\0\0\4\0\0"..., 46708) = 46707
103725 read(3, "", 1)                   = 0
103725 close(3)                         = 0
103725 read(3, "\313\r\r\n\0\0\0\0\22\362ti\247\17\0\0\343\0\0\0\0\0\0\0\0\0\0\0\0\4\0\0"..., 5569) = 5568
103725 read(3, "", 1)                   = 0
103725 close(3)                         = 0
103725 read(3, "\313\r\r\n\0\0\0\0\22\362ti\4\r\0\0\343\0\0\0\0\0\0\0\0\0\0\0\0\v\0\0"..., 5645) = 5644
103725 read(3, "", 1)                   = 0
103725 close(3)                         = 0
103725 read(3, "\313\r\r\n\0\0\0\0j\225_i\205$\0\0\343\0\0\0\0\0\0\0\0\0\0\0\0\6\0\0"..., 8088) = 8087
103725 read(3, "", 1)                   = 0
103725 close(3)                         = 0
103725 read(3, "\177ELF\2\1\1\0\0\0\0\0\0\0\0\0\3\0>\0\1\0\0\0\0\0\0\0\0\0\0\0"..., 832) = 832
103725 close(3)                         = 0
103725 read(3, "\313\r\r\n\0\0\0\0\22\362ti\36\17\0\0\343\0\0\0\0\0\0\0\0\0\0\0\0\4\0\0"..., 5712) = 5711
103725 read(3, "", 1)                   = 0
103725 close(3)                         = 0
103725 read(3, "\313\r\r\n\0\0\0\0j\225_i{\207\0\0\343\0\0\0\0\0\0\0\0\0\0\0\0\5\0\0"..., 33154) = 33153
103725 read(3, "", 1)                   = 0
103725 close(3)                         = 0
103725 read(3, "\313\r\r\n\0\0\0\0j\225_i_\r\0\0\343\0\0\0\0\0\0\0\0\0\0\0\0\4\0\0"..., 3642) = 3641
103725 read(3, "", 1)                   = 0
103725 close(3)                         = 0
103725 read(3, "\313\r\r\n\0\0\0\0\22\362tia(\0\0\343\0\0\0\0\0\0\0\0\0\0\0\0\5\0\0"..., 13162) = 13161
103725 read(3, "", 1)                   = 0
103725 close(3)                         = 0
103725 read(3, "\313\r\r\n\0\0\0\0\252\24ui\r\3\0\0\343\0\0\0\0\0\0\0\0\0\0\0\0\2\0\0"..., 319) = 318
103725 read(3, "", 1)                   = 0
103725 close(3)                         = 0
103725 close(3)                         = 0
103725 read(3, "\313\r\r\n\0\0\0\0\252\24ui\2509\0\0\343\0\0\0\0\0\0\0\0\0\0\0\0\7\0\0"..., 18223) = 18222
103725 read(3, "", 1)                   = 0
103725 close(3)                         = 0
103725 read(3, "\313\r\r\n\0\0\0\0\252\24ui\213J\0\0\343\0\0\0\0\0\0\0\0\0\0\0\0\2\0\0"..., 12200) = 12199
103725 read(3, "", 1)                   = 0
103725 close(3)                         = 0
103725 close(3)                         = 0
103725 read(3, "\313\r\r\n\0\0\0\0\252\24uizr\0\0\343\0\0\0\0\0\0\0\0\0\0\0\0\n\0\0"..., 31733) = 31732
103725 read(3, "", 1)                   = 0
103725 close(3)                         = 0
103725 read(3, "\313\r\r\n\0\0\0\0\252\24ui\262\t\0\0\343\0\0\0\0\0\0\0\0\0\0\0\0\10\0\0"..., 3077) = 3076
103725 read(3, "", 1)                   = 0
103725 close(3)                         = 0
103725 read(3, "\177ELF\2\1\1\0\0\0\0\0\0\0\0\0\3\0>\0\1\0\0\0\0\0\0\0\0\0\0\0"..., 832) = 832
103725 close(3)                         = 0
103725 read(3, "\177ELF\2\1\1\0\0\0\0\0\0\0\0\0\3\0>\0\1\0\0\0\0\220\0\0\0\0\0\0"..., 832) = 832
103725 close(3)                         = 0
103725 close(3)                         = 0
103725 read(3, "\177ELF\2\1\1\0\0\0\0\0\0\0\0\0\3\0>\0\1\0\0\0\0\0\0\0\0\0\0\0"..., 832) = 832
103725 close(3)                         = 0
103725 read(3, "\313\r\r\n\0\0\0\0\252\24ui\2477\0\0\343\0\0\0\0\0\0\0\0\0\0\0\0\n\0\0"..., 17388) = 17387
103725 read(3, "", 1)                   = 0
103725 close(3)                         = 0
103725 read(3, "\313\r\r\n\0\0\0\0\252\24ui\376:\0\0\343\0\0\0\0\0\0\0\0\0\0\0\0\6\0\0"..., 16446) = 16445
103725 read(3, "", 1)                   = 0
103725 close(3)                         = 0
103725 read(3, "\313\r\r\n\0\0\0\0\252\24ui\224\"\0\0\343\0\0\0\0\0\0\0\0\0\0\0\0\r\0\0"..., 11119) = 11118
103725 read(3, "", 1)                   = 0
103725 close(3)                         = 0
103725 read(3, "\313\r\r\n\0\0\0\0\252\24ui\177\10\0\0\343\0\0\0\0\0\0\0\0\0\0\0\0\4\0\0"..., 2352) = 2351
103725 read(3, "", 1)                   = 0
103725 close(3)                         = 0
103725 read(3, "\313\r\r\n\0\0\0\0\252\24uiE\32\0\0\343\0\0\0\0\0\0\0\0\0\0\0\0\n\0\0"..., 6925) = 6924
103725 read(3, "", 1)                   = 0
103725 close(3)                         = 0
103725 read(3, "\313\r\r\n\0\0\0\0\252\24ui\230I\0\0\343\0\0\0\0\0\0\0\0\0\0\0\0\21\0\0"..., 21924) = 21923
103725 read(3, "", 1)                   = 0
103725 close(3)                         = 0
103725 read(3, "\313\r\r\n\0\0\0\0\252\24ui4 \0\0\343\0\0\0\0\0\0\0\0\0\0\0\0\6\0\0"..., 9267) = 9266
103725 read(3, "", 1)                   = 0
103725 close(3)                         = 0
103725 read(3, "\313\r\r\n\0\0\0\0\252\24ui\10\23\0\0\343\0\0\0\0\0\0\0\0\0\0\0\0\10\0\0"..., 5612) = 5611
103725 read(3, "", 1)                   = 0
103725 close(3)                         = 0
103725 read(3, "\313\r\r\n\0\0\0\0\252\24ui\321+\0\0\343\0\0\0\0\0\0\0\0\0\0\0\0\v\0\0"..., 12640) = 12639
103725 read(3, "", 1)                   = 0
103725 close(3)                         = 0
103725 read(3, "\313\r\r\n\0\0\0\0\252\24ui+\n\0\0\343\0\0\0\0\0\0\0\0\0\0\0\0\6\0\0"..., 3205) = 3204
103725 read(3, "", 1)                   = 0
103725 close(3)                         = 0
103725 read(3, "\313\r\r\n\0\0\0\0\252\24uik(\0\0\343\0\0\0\0\0\0\0\0\0\0\0\0\10\0\0"..., 12960) = 12959
103725 read(3, "", 1)                   = 0
103725 close(3)                         = 0
103725 read(3, "\313\r\r\n\0\0\0\0\252\24ui\33\6\0\0\343\0\0\0\0\0\0\0\0\0\0\0\0\6\0\0"..., 1744) = 1743
103725 read(3, "", 1)                   = 0
103725 close(3)                         = 0
103725 read(3, "\313\r\r\n\0\0\0\0\252\24ui\17\4\0\0\343\0\0\0\0\0\0\0\0\0\0\0\0\2\0\0"..., 978) = 977
103725 read(3, "", 1)                   = 0
103725 close(3)                         = 0
103725 read(3, "\313\r\r\n\0\0\0\0\252\24ui\312\20\0\0\343\0\0\0\0\0\0\0\0\0\0\0\0\6\0\0"..., 6227) = 6226
103725 read(3, "", 1)                   = 0
103725 close(3)                         = 0
103725 read(3, "\313\r\r\n\0\0\0\0\252\24uic\v\0\0\343\0\0\0\0\0\0\0\0\0\0\0\0\5\0\0"..., 4903) = 4902
103725 read(3, "", 1)                   = 0
103725 close(3)                         = 0
103725 read(3, "\313\r\r\n\0\0\0\0\252\24ui%\t\0\0\343\0\0\0\0\0\0\0\0\0\0\0\0\t\0\0"..., 3314) = 3313
103725 read(3, "", 1)                   = 0
103725 close(3)                         = 0
103725 read(3, "\313\r\r\n\0\0\0\0\252\24ui\223 \0\0\343\0\0\0\0\0\0\0\0\0\0\0\0\6\0\0"..., 11071) = 11070
103725 read(3, "", 1)                   = 0
103725 close(3)                         = 0
103725 read(3, "\313\r\r\n\0\0\0\0\252\24uic\t\0\0\343\0\0\0\0\0\0\0\0\0\0\0\0\2\0\0"..., 3219) = 3218
103725 read(3, "", 1)                   = 0
103725 close(3)                         = 0
103725 close(3)                         = 0
103725 read(3, "\313\r\r\n\0\0\0\0\252\24ui\26\16\0\0\343\0\0\0\0\0\0\0\0\0\0\0\0\5\0\0"..., 6383) = 6382
103725 read(3, "", 1)                   = 0
103725 close(3)                         = 0
103725 read(3, "\313\r\r\n\0\0\0\0\252\24ui\350\4\0\0\343\0\0\0\0\0\0\0\0\0\0\0\0\7\0\0"..., 1982) = 1981
103725 read(3, "", 1)                   = 0
103725 close(3)                         = 0
103725 read(3, "\313\r\r\n\0\0\0\0\252\24ui\337O\1\0\343\0\0\0\0\0\0\0\0\0\0\0\0\16\0\0"..., 114888) = 114887
103725 read(3, "", 1)                   = 0
103725 close(3)                         = 0
103725 read(3, "\313\r\r\n\0\0\0\0\252\24uiX\n\0\0\343\0\0\0\0\0\0\0\0\0\0\0\0\6\0\0"..., 4579) = 4578
103725 read(3, "", 1)                   = 0
103725 close(3)                         = 0
103725 read(3, "\313\r\r\n\0\0\0\0j\225_i\300\7\0\0\343\0\0\0\0\0\0\0\0\0\0\0\0\2\0\0"..., 2557) = 2556
103725 read(3, "", 1)                   = 0
103725 close(3)                         = 0
103725 read(3, "\313\r\r\n\0\0\0\0j\225_i$\36\0\0\343\0\0\0\0\0\0\0\0\0\0\0\0\6\0\0"..., 10699) = 10698
103725 read(3, "", 1)                   = 0
103725 close(3)                         = 0
103725 read(3, "\313\r\r\n\0\0\0\0\252\24ui\226\304\0\0\343\0\0\0\0\0\0\0\0\0\0\0\0\20\0\0"..., 59085) = 59084
103725 read(3, "", 1)                   = 0
103725 close(3)                         = 0
103725 read(3, "\313\r\r\n\0\0\0\0\252\24uiY \1\0\343\0\0\0\0\0\0\0\0\0\0\0\0\5\0\0"..., 100071) = 100070
103725 read(3, "", 1)                   = 0
103725 close(3)                         = 0
103725 read(3, "\313\r\r\n\0\0\0\0\252\24ui\264\r\0\0\343\0\0\0\0\0\0\0\0\0\0\0\0\4\0\0"..., 6408) = 6407
103725 read(3, "", 1)                   = 0
103725 close(3)                         = 0
103725 read(3, "\313\r\r\n\0\0\0\0\252\24ui|\0\0\0\343\0\0\0\0\0\0\0\0\0\0\0\0\2\0\0"..., 408) = 407
103725 read(3, "", 1)                   = 0
103725 close(3)                         = 0
103725 read(3, "\313\r\r\n\0\0\0\0j\225_i\3046\0\0\343\0\0\0\0\0\0\0\0\0\0\0\0\n\0\0"..., 13621) = 13620
103725 read(3, "", 1)                   = 0
103725 close(3)                         = 0
103725 close(3)                         = 0
103725 read(3, "\313\r\r\n\0\0\0\0j\225_i\2710\0\0\343\0\0\0\0\0\0\0\0\0\0\0\0\t\0\0"..., 13826) = 13825
103725 read(3, "", 1)                   = 0
103725 close(3)                         = 0
103725 read(3, "\313\r\r\n\0\0\0\0j\225_iy\t\0\0\343\0\0\0\0\0\0\0\0\0\0\0\0\5\0\0"..., 3322) = 3321
103725 read(3, "", 1)                   = 0
103725 close(3)                         = 0
103725 read(3, "\177ELF\2\1\1\0\0\0\0\0\0\0\0\0\3\0>\0\1\0\0\0\0\0\0\0\0\0\0\0"..., 832) = 832
103725 close(3)                         = 0
103725 read(3, "\313\r\r\n\0\0\0\0j\225_i\306>\0\0\343\0\0\0\0\0\0\0\0\0\0\0\0\n\0\0"..., 15099) = 15098
103725 read(3, "", 1)                   = 0
103725 close(3)                         = 0
103725 read(3, "\"\"\"Loading unittests.\"\"\"\n\nimport"..., 4096) = 4096
103725 read(3, "     return tests\n\n    def loadT"..., 8192) = 8192
103725 read(3, "              if the_module.__na"..., 8192) = 8192
103725 read(3, "fix, sortUsing, suiteClass).load"..., 8192) = 530
103725 read(3, "", 8192)                = 0
103725 close(3)                         = 0
103725 write(2, "test_e2e (test_tcp_e2e.TestTCPE2"..., 48) = 48
103725 socketpair(AF_UNIX, SOCK_STREAM|SOCK_CLOEXEC, 0, [4, 5]) = 0
103725 getsockname(4, {sa_family=AF_UNIX}, [128 => 2]) = 0
103725 getsockname(5, {sa_family=AF_UNIX}, [128 => 2]) = 0
103725 socket(AF_INET, SOCK_STREAM|SOCK_CLOEXEC, IPPROTO_TCP) = 6
103725 setsockopt(6, SOL_SOCKET, SO_REUSEADDR, [1], 4) = 0
103725 bind(6, {sa_family=AF_INET, sin_port=htons(33066), sin_addr=inet_addr("0.0.0.0")}, 16) = 0
103725 listen(6, 100)                   = 0
103725 write(2, "2026-01-24 14:18:19,603 - netaio"..., 81) = 81
103725 write(2, "2026-01-24 14:18:19,704 - netaio"..., 79) = 79
103725 socket(AF_INET, SOCK_STREAM|SOCK_CLOEXEC, IPPROTO_TCP) = 7
103725 connect(7, {sa_family=AF_INET, sin_port=htons(33066), sin_addr=inet_addr("127.0.0.1")}, 16) = -1 EINPROGRESS (Operation now in progress)
103725 accept4(6, {sa_family=AF_INET, sin_port=htons(53570), sin_addr=inet_addr("127.0.0.1")}, [16], SOCK_CLOEXEC) = 8
103725 getsockname(8, {sa_family=AF_INET, sin_port=htons(33066), sin_addr=inet_addr("127.0.0.1")}, [128 => 16]) = 0
103725 accept4(6, 0x7fffb0f425f0, [16], SOCK_CLOEXEC) = -1 EAGAIN (Resource temporarily unavailable)
103725 getsockopt(7, SOL_SOCKET, SO_ERROR, [0], [4]) = 0
103725 getsockname(8, {sa_family=AF_INET, sin_port=htons(33066), sin_addr=inet_addr("127.0.0.1")}, [16]) = 0
103725 setsockopt(8, SOL_TCP, TCP_NODELAY, [1], 4) = 0
103725 getsockname(7, {sa_family=AF_INET, sin_port=htons(53570), sin_addr=inet_addr("127.0.0.1")}, [16]) = 0
103725 getpeername(7, {sa_family=AF_INET, sin_port=htons(33066), sin_addr=inet_addr("127.0.0.1")}, [16]) = 0
103725 setsockopt(7, SOL_TCP, TCP_NODELAY, [1], 4) = 0
103725 write(2, "2026-01-24 14:18:19,706 - netaio"..., 92) = 92
103725 write(2, "2026-01-24 14:18:19,707 - netaio"..., 92) = 92
103725 write(2, "2026-01-24 14:18:19,707 - netaio"..., 79) = 79
103725 socket(AF_INET, SOCK_STREAM|SOCK_CLOEXEC, IPPROTO_TCP) = 9
103725 connect(9, {sa_family=AF_INET, sin_port=htons(33066), sin_addr=inet_addr("127.0.0.1")}, 16) = -1 EINPROGRESS (Operation now in progress)
103725 accept4(6, {sa_family=AF_INET, sin_port=htons(53576), sin_addr=inet_addr("127.0.0.1")}, [16], SOCK_CLOEXEC) = 10
103725 getsockname(10, {sa_family=AF_INET, sin_port=htons(33066), sin_addr=inet_addr("127.0.0.1")}, [128 => 16]) = 0
103725 accept4(6, 0x7fffb0f425f0, [16], SOCK_CLOEXEC) = -1 EAGAIN (Resource temporarily unavailable)
103725 getsockopt(9, SOL_SOCKET, SO_ERROR, [0], [4]) = 0
103725 getsockname(10, {sa_family=AF_INET, sin_port=htons(33066), sin_addr=inet_addr("127.0.0.1")}, [16]) = 0
103725 setsockopt(10, SOL_TCP, TCP_NODELAY, [1], 4) = 0
103725 getsockname(9, {sa_family=AF_INET, sin_port=htons(53576), sin_addr=inet_addr("127.0.0.1")}, [16]) = 0
103725 getpeername(9, {sa_family=AF_INET, sin_port=htons(33066), sin_addr=inet_addr("127.0.0.1")}, [16]) = 0
103725 setsockopt(9, SOL_TCP, TCP_NODELAY, [1], 4) = 0
103725 write(2, "2026-01-24 14:18:19,708 - netaio"..., 92) = 92
103725 write(2, "2026-01-24 14:18:19,708 - netaio"..., 92) = 92
103725 sendto(7, "\7\0{\0\r\201\326/\263M@\4\16\33-\36L@\2\4\5C\2ts\304iu\32\373L@"..., 145, 0, NULL, 0) = 145
103725 recvfrom(8, "\7\0{\0\r\201\326/\263M@\4\16\33-\36L@\2\4\5C\2ts\304iu\32\373L@"..., 262144, 0, NULL, NULL) = 145
103725 sendto(8, "\n\0{\0\r\275\357n\347M@\4\16\33-\36L@\2\4\5C\2ts\304iu\32\373L@"..., 145, 0, NULL, 0) = 145
103725 write(2, "2026-01-24 14:18:19,711 - netaio"..., 92) = 92
103725 recvfrom(7, "\n\0{\0\r\275\357n\347M@\4\16\33-\36L@\2\4\5C\2ts\304iu\32\373L@"..., 262144, 0, NULL, NULL) = 145
103725 sendto(7, "\5\0{\0\22\17\243\200\34M@\4\16\33-\36L@\2\4\5C\2ts\304iu\32\373L@"..., 150, 0, NULL, 0) = 150
103725 recvfrom(8, "\5\0{\0\22\17\243\200\34M@\4\16\33-\36L@\2\4\5C\2ts\304iu\32\373L@"..., 262144, 0, NULL, NULL) = 150
103725 sendto(8, "\v\0{\0\22}\24zfM@\4\16\33-\36L@\2\4\5C\2ts\304iu\32\373L@"..., 150, 0, NULL, 0) = 150
103725 write(2, "2026-01-24 14:18:19,714 - netaio"..., 92) = 92
103725 recvfrom(7, "\v\0{\0\22}\24zfM@\4\16\33-\36L@\2\4\5C\2ts\304iu\32\373L@"..., 262144, 0, NULL, NULL) = 150
103725 sendto(9, "\5\0{\0\22P\302\334\"M@\4\16\33-\36L@\2\4\5C\2ts\304iu\32\373L@"..., 150, 0, NULL, 0) = 150
103725 recvfrom(10, "\5\0{\0\22P\302\334\"M@\4\16\33-\36L@\2\4\5C\2ts\304iu\32\373L@"..., 262144, 0, NULL, NULL) = 150
103725 sendto(10, "\v\0{\0\22\10XdEM@\4\16\33-\36L@\2\4\5C\2ts\304iu\32\373L@"..., 150, 0, NULL, 0) = 150
103725 write(2, "2026-01-24 14:18:19,719 - netaio"..., 92) = 92
103725 recvfrom(9, "\v\0{\0\22\10XdEM@\4\16\33-\36L@\2\4\5C\2ts\304iu\32\373L@"..., 262144, 0, NULL, NULL) = 150
103725 sendto(8, "\10\0{\0\27\16'\366\211M@\4\16\33-\36L@\2\4\5C\2ts\304iu\32\373L@"..., 155, 0, NULL, 0) = 155
103725 sendto(10, "\10\0{\0\27\16'\366\211M@\4\16\33-\36L@\2\4\5C\2ts\304iu\32\373L@"..., 155, 0, NULL, 0) = 155
103725 recvfrom(7, "\10\0{\0\27\16'\366\211M@\4\16\33-\36L@\2\4\5C\2ts\304iu\32\373L@"..., 262144, 0, NULL, NULL) = 155
103725 recvfrom(9, "\10\0{\0\27\16'\366\211M@\4\16\33-\36L@\2\4\5C\2ts\304iu\32\373L@"..., 262144, 0, NULL, NULL) = 155
103725 sendto(7, "\6\0{\0\22n\30\6\31M@\4\16\33-\36L@\2\4\5C\2ts\304iu\32\373L@"..., 150, 0, NULL, 0) = 150
103725 recvfrom(8, "\6\0{\0\22n\30\6\31M@\4\16\33-\36L@\2\4\5C\2ts\304iu\32\373L@"..., 262144, 0, NULL, NULL) = 150
103725 sendto(8, "\f\0{\0\22z\321\310\241M@\4\16\33-\36L@\2\4\5C\2ts\304iu\32\373L@"..., 150, 0, NULL, 0) = 150
103725 write(2, "2026-01-24 14:18:19,727 - netaio"..., 92) = 92
103725 recvfrom(7, "\f\0{\0\22z\321\310\241M@\4\16\33-\36L@\2\4\5C\2ts\304iu\32\373L@"..., 262144, 0, NULL, NULL) = 150
103725 sendto(7, "\7\0{\0\r\251'\363\206M@\4\16\33-\36L@\2\4\5C\2ts\304iu\32\373L@"..., 145, 0, NULL, 0) = 145
103725 recvfrom(8, "\7\0{\0\r\251'\363\206M@\4\16\33-\36L@\2\4\5C\2ts\304iu\32\373L@"..., 262144, 0, NULL, NULL) = 145
103725 write(2, "2026-01-24 14:18:19,729 - netaio"..., 107) = 107
103725 sendto(8, "\27\0\3\0\27\307\353H\37M@\0\0\5ERRORHMAC auth fai"..., 35, 0, NULL, 0) = 35
103725 write(2, "2026-01-24 14:18:19,730 - netaio"..., 92) = 92
103725 recvfrom(7, "\27\0\3\0\27\307\353H\37M@\0\0\5ERRORHMAC auth fai"..., 262144, 0, NULL, NULL) = 35
103725 write(2, "2026-01-24 14:18:19,730 - netaio"..., 72) = 72
103725 sendto(7, "\7\0\37\0\r\222\313-LM@\1\33L@\2\4\22C\2ivA\20\365\217\2328\237\306<y"..., 53, 0, NULL, 0) = 53
103725 recvfrom(8, "\7\0\37\0\r\222\313-LM@\1\33L@\2\4\22C\2ivA\20\365\217\2328\237\306<y"..., 262144, 0, NULL, NULL) = 53
103725 write(2, "2026-01-24 14:18:19,731 - netaio"..., 107) = 107
103725 sendto(8, "\27\0\3\0\27\307\353H\37M@\0\0\5ERRORHMAC auth fai"..., 35, 0, NULL, 0) = 35
103725 write(2, "2026-01-24 14:18:19,731 - netaio"..., 92) = 92
103725 recvfrom(7, "\27\0\3\0\27\307\353H\37M@\0\0\5ERRORHMAC auth fai"..., 262144, 0, NULL, NULL) = 35
103725 sendto(7, "\7\0{\0\rx\7\363\354M@\4\16\33-\36L@\2\4\5C\2ts\304iu\32\373L@"..., 145, 0, NULL, 0) = 145
103725 recvfrom(8, "\7\0{\0\rx\7\363\354M@\4\16\33-\36L@\2\4\5C\2ts\304iu\32\373L@"..., 262144, 0, NULL, NULL) = 145
103725 write(2, "2026-01-24 14:18:19,734 - netaio"..., 107) = 107
103725 sendto(8, "\27\0\3\0\27\307\353H\37M@\0\0\5ERRORHMAC auth fai"..., 35, 0, NULL, 0) = 35
103725 write(2, "2026-01-24 14:18:19,734 - netaio"..., 92) = 92
103725 recvfrom(7, "\27\0\3\0\27\307\353H\37M@\0\0\5ERRORHMAC auth fai"..., 262144, 0, NULL, NULL) = 35
103725 write(2, "2026-01-24 14:18:19,735 - netaio"..., 72) = 72
103725 sendto(7, "\7\0{\0\r\201\27\312DM@\4\16\33-\36L@\2\4\5C\2ts\304iu\32\373L@"..., 145, 0, NULL, 0) = 145
103725 recvfrom(8, "\7\0{\0\r\201\27\312DM@\4\16\33-\36L@\2\4\5C\2ts\304iu\32\373L@"..., 262144, 0, NULL, NULL) = 145
103725 write(2, "2026-01-24 14:18:19,736 - netaio"..., 107) = 107
103725 sendto(8, "\27\0\3\0\27\307\353H\37M@\0\0\5ERRORHMAC auth fai"..., 35, 0, NULL, 0) = 35
103725 write(2, "2026-01-24 14:18:19,737 - netaio"..., 92) = 92
103725 recvfrom(7, "\27\0\3\0\27\307\353H\37M@\0\0\5ERRORHMAC auth fai"..., 262144, 0, NULL, NULL) = 35
103725 write(2, "2026-01-24 14:18:19,737 - netaio"..., 81) = 81
103725 close(7)                         = 0
103725 write(2, "2026-01-24 14:18:19,738 - netaio"..., 77) = 77
103725 close(6)                         = 0
103725 recvfrom(8, "", 262144, 0, NULL, NULL) = 0
103725 write(2, "2026-01-24 14:18:19,738 - netaio"..., 95) = 95
103725 write(2, "2026-01-24 14:18:19,738 - netaio"..., 93) = 93
103725 close(8)                         = 0
103725 --- SIGTERM {si_signo=SIGTERM, si_code=SI_USER, si_pid=103720, si_uid=1000} ---
103725 +++ killed by SIGTERM +++
